MPASM  5.20                        SAMPLE.ASM   9-4-2025  14:38:06         PAGE  1


LOC  OBJECT CODE     LINE SOURCE TEXT
  VALUE

Warning[205]: Found directive in column 1. (LIST)
                      00001 LIST P=16F84A   ; Processor type
                      00002 
                      00003 ; Manual SFR definitions
  00000003            00004 STATUS  EQU 03h
  00000005            00005 PORTA   EQU 05h
  00000085            00006 TRISA   EQU 85h
                      00007 
                      00008 ; Initialize RA0 as output
Warning[203]: Found opcode in column 1. (BSF)
0000   1683           00009 BSF STATUS, 5      ; Bank1
Warning[203]: Found opcode in column 1. (MOVLW)
0001   30FE           00010 MOVLW 0FEh         ; RA0 output
Warning[203]: Found opcode in column 1. (MOVWF)
Message[302]: Register in operand not in bank 0.  Ensure that bank bits are correct.
0002   0085           00011 MOVWF TRISA
Warning[203]: Found opcode in column 1. (BCF)
0003   1283           00012 BCF STATUS, 5      ; Bank0
                      00013 
0004                  00014 loop:
0004   1405           00015     BSF PORTA, 0   ; RA0 ON
0005   2009           00016     CALL delay
0006   1005           00017     BCF PORTA, 0   ; RA0 OFF
0007   2009           00018     CALL delay
0008   2804           00019     GOTO loop
                      00020 
0009                  00021 delay:
0009   30FF           00022     MOVLW 0FFh
000A   00A0           00023     MOVWF 20h
000B                  00024 d1:
000B   0BA0           00025     DECFSZ 20h, F
000C   280B           00026     GOTO d1
000D   0008           00027     RETURN
                      00028 
Warning[205]: Found directive in column 1. (END)
                      00029 END
MPASM  5.20                        SAMPLE.ASM   9-4-2025  14:38:06         PAGE  2


SYMBOL TABLE
  LABEL                             VALUE 

PORTA                             00000005
STATUS                            00000003
TRISA                             00000085
__16F84A                          00000001
d1                                0000000B
delay                             00000009
loop                              00000004


MEMORY USAGE MAP ('X' = Used,  '-' = Unused)

0000 : XXXXXXXXXXXXXX-- ---------------- ---------------- ----------------

All other memory blocks unused.

Program Memory Words Used:    14
Program Memory Words Free:  1010


Errors   :     0
Warnings :     6 reported,     0 suppressed
Messages :     1 reported,     0 suppressed

